Unity Editor version:    2023.1.7f1 (4f4e359ec3fc)
Branch:                  2023.1/staging
Build type:              Release
Batch mode:              YES
macOS version:           Version 14.2.1 (Build 23C71)
Darwin version:          23.2.0
Architecture:            arm64
Running under Rosetta:   NO
Available memory:        16384 MB
Using pre-set license
Pro License: YES

COMMAND LINE ARGUMENTS:
/Applications/Unity/Hub/Editor/2023.1.7f1/Unity.app/Contents/MacOS/Unity
-adb2
-batchMode
-noUpm
-name
AssetImportWorker0
-projectPath
/Users/pushpendra/MoE Test
-logFile
Logs/AssetImportWorker0.log
-srvPort
56167
Successfully changed project path to: /Users/pushpendra/MoE Test
/Users/pushpendra/MoE Test
[UnityMemory] Configuration Parameters - Can be set up in boot.config
    "memorysetup-bucket-allocator-granularity=16"
    "memorysetup-bucket-allocator-bucket-count=8"
    "memorysetup-bucket-allocator-block-size=33554432"
    "memorysetup-bucket-allocator-block-count=8"
    "memorysetup-main-allocator-block-size=16777216"
    "memorysetup-thread-allocator-block-size=16777216"
    "memorysetup-gfx-main-allocator-block-size=16777216"
    "memorysetup-gfx-thread-allocator-block-size=16777216"
    "memorysetup-cache-allocator-block-size=4194304"
    "memorysetup-typetree-allocator-block-size=2097152"
    "memorysetup-profiler-bucket-allocator-granularity=16"
    "memorysetup-profiler-bucket-allocator-bucket-count=8"
    "memorysetup-profiler-bucket-allocator-block-size=33554432"
    "memorysetup-profiler-bucket-allocator-block-count=8"
    "memorysetup-profiler-allocator-block-size=16777216"
    "memorysetup-profiler-editor-allocator-block-size=1048576"
    "memorysetup-temp-allocator-size-main=16777216"
    "memorysetup-job-temp-allocator-block-size=2097152"
    "memorysetup-job-temp-allocator-block-size-background=1048576"
    "memorysetup-job-temp-allocator-reduction-small-platforms=262144"
    "memorysetup-allocator-temp-initial-block-size-main=262144"
    "memorysetup-allocator-temp-initial-block-size-worker=262144"
    "memorysetup-temp-allocator-size-background-worker=32768"
    "memorysetup-temp-allocator-size-job-worker=262144"
    "memorysetup-temp-allocator-size-preload-manager=33554432"
    "memorysetup-temp-allocator-size-nav-mesh-worker=65536"
    "memorysetup-temp-allocator-size-audio-worker=65536"
    "memorysetup-temp-allocator-size-cloud-worker=32768"
    "memorysetup-temp-allocator-size-gi-baking-worker=262144"
    "memorysetup-temp-allocator-size-gfx=262144"
Player connection [8047939584] Host "[IP] 192.168.0.118 [Port] 0 [Flags] 2 [Guid] 2525833335 [EditorId] 2525833335 [Version] 1048832 [Id] OSXEditor(0,R5W75FH36D) [Debug] 1 [PackageName] OSXEditor [ProjectName] Editor" joined multi-casting on [225.0.0.222:54997]...

Player connection [8047939584] Host "[IP] 192.168.0.118 [Port] 0 [Flags] 2 [Guid] 2525833335 [EditorId] 2525833335 [Version] 1048832 [Id] OSXEditor(0,R5W75FH36D) [Debug] 1 [PackageName] OSXEditor [ProjectName] Editor" joined alternative multi-casting on [225.0.0.222:34997]...

Library Redirect Path: Library/Refreshing native plugins compatible for Editor in 76.39 ms, found 4 plugins.
Preloading 0 native plugins for Editor in 0.00 ms.
Initialize engine version: 2023.1.7f1 (4f4e359ec3fc)
[Subsystems] Discovering subsystems at path /Applications/Unity/Hub/Editor/2023.1.7f1/Unity.app/Contents/Resources/UnitySubsystems
[Subsystems] Discovering subsystems at path /Users/pushpendra/MoE Test/Assets
GfxDevice: creating device client; threaded=0; jobified=0
 preferred device: Apple M2 (high power)
Metal devices available: 1
0: Apple M2 (high power)
Using device Apple M2 (high power)
Initializing Metal device caps: Apple M2
Initialize mono
Mono path[0] = '/Applications/Unity/Hub/Editor/2023.1.7f1/Unity.app/Contents/Managed'
Mono path[1] = '/Applications/Unity/Hub/Editor/2023.1.7f1/Unity.app/Contents/MonoBleedingEdge/lib/mono/unityjit-macos'
Mono config path = '/Applications/Unity/Hub/Editor/2023.1.7f1/Unity.app/Contents/MonoBleedingEdge/etc'
Using monoOptions --debugger-agent=transport=dt_socket,embedding=1,server=y,suspend=n,address=127.0.0.1:56240
Begin MonoManager ReloadAssembly
icall.c:1842:
icall.c:1842:
icall.c:1842:
icall.c:1842:
icall.c:1842:
icall.c:1842:
icall.c:1842:
icall.c:1842:
icall.c:1842:
icall.c:1842:
Registering precompiled unity dll's ...
Register platform support module: /Applications/Unity/Hub/Editor/2023.1.7f1/Unity.app/Contents/PlaybackEngines/MacStandaloneSupport/UnityEditor.OSXStandalone.Extensions.dll
Register platform support module: /Applications/Unity/Hub/Editor/2023.1.7f1/PlaybackEngines/AndroidPlayer/UnityEditor.Android.Extensions.dll
Registered in 0.005559 seconds.
- Loaded All Assemblies, in  0.425 seconds
Native extension for Android target not found
Android Extension - Scanning For ADB Devices 101 ms
Native extension for OSXStandalone target not found
Mono: successfully reloaded assembly
icall.c:1842:
icall.c:1842:
- Finished resetting the current domain, in  0.468 seconds
Domain Reload Profiling: 894ms
	BeginReloadAssembly (207ms)
		ExecutionOrderSort (0ms)
		DisableScriptedObjects (0ms)
		BackupInstance (0ms)
		ReleaseScriptingObjects (0ms)
		CreateAndSetChildDomain (1ms)
	RebuildCommonClasses (33ms)
	RebuildNativeTypeToScriptingClass (8ms)
	initialDomainReloadingComplete (35ms)
	LoadAllAssembliesAndSetupDomain (142ms)
		LoadAssemblies (210ms)
		RebuildTransferFunctionScriptingTraits (0ms)
		AnalyzeDomain (137ms)
			TypeCache.Refresh (136ms)
				TypeCache.ScanAssembly (121ms)
			ScanForSourceGeneratedMonoScriptInfo (0ms)
			ResolveRequiredComponents (1ms)
	FinalizeReload (469ms)
		ReleaseScriptCaches (0ms)
		RebuildScriptCaches (0ms)
		SetupLoadedEditorAssemblies (437ms)
			LogAssemblyErrors (0ms)
			InitializePlatformSupportModulesInManaged (309ms)
			SetLoadedEditorAssemblies (3ms)
			BeforeProcessingInitializeOnLoad (5ms)
			ProcessInitializeOnLoadAttributes (80ms)
			ProcessInitializeOnLoadMethodAttributes (40ms)
			AfterProcessingInitializeOnLoad (0ms)
			EditorAssembliesLoaded (0ms)
		ExecutionOrderSort2 (0ms)
		AwakeInstancesAfterBackupRestoration (0ms)
========================================================================
Worker process is ready to serve import requests
Import Worker Mode flag is 0x00
Begin MonoManager ReloadAssembly
icall.c:1842:
icall.c:1842:
icall.c:1842:
icall.c:1842:
icall.c:1842:
icall.c:1842:
icall.c:1842:
icall.c:1842:
icall.c:1842:
icall.c:1842:
icall.c:1842:
icall.c:1842:
Symbol file LoadedFromMemory doesn't match image /Users/pushpendra/MoE Test/Library/PackageCache/com.unity.visualscripting@1.8.0/Editor/VisualScripting.Core/Dependencies/YamlDotNet/Unity.VisualScripting.YamlDotNet.dll
Symbol file LoadedFromMemory doesn't match image /Users/pushpendra/MoE Test/Library/PackageCache/com.unity.visualscripting@1.8.0/Editor/VisualScripting.Core/Dependencies/DotNetZip/Unity.VisualScripting.IonicZip.dll
- Loaded All Assemblies, in  1.333 seconds
Refreshing native plugins compatible for Editor in 38.05 ms, found 4 plugins.
Native extension for Android target not found
Native extension for OSXStandalone target not found
Mono: successfully reloaded assembly
- Finished resetting the current domain, in  1.191 seconds
Domain Reload Profiling: 2523ms
	BeginReloadAssembly (251ms)
		ExecutionOrderSort (0ms)
		DisableScriptedObjects (4ms)
		BackupInstance (0ms)
		ReleaseScriptingObjects (0ms)
		CreateAndSetChildDomain (34ms)
	RebuildCommonClasses (252ms)
	RebuildNativeTypeToScriptingClass (8ms)
	initialDomainReloadingComplete (49ms)
	LoadAllAssembliesAndSetupDomain (771ms)
		LoadAssemblies (583ms)
		RebuildTransferFunctionScriptingTraits (0ms)
		AnalyzeDomain (305ms)
			TypeCache.Refresh (292ms)
				TypeCache.ScanAssembly (267ms)
			ScanForSourceGeneratedMonoScriptInfo (10ms)
			ResolveRequiredComponents (3ms)
	FinalizeReload (1191ms)
		ReleaseScriptCaches (0ms)
		RebuildScriptCaches (0ms)
		SetupLoadedEditorAssemblies (514ms)
			LogAssemblyErrors (0ms)
			InitializePlatformSupportModulesInManaged (19ms)
			SetLoadedEditorAssemblies (3ms)
			BeforeProcessingInitializeOnLoad (55ms)
			ProcessInitializeOnLoadAttributes (418ms)
			ProcessInitializeOnLoadMethodAttributes (19ms)
			AfterProcessingInitializeOnLoad (1ms)
			EditorAssembliesLoaded (0ms)
		ExecutionOrderSort2 (0ms)
		AwakeInstancesAfterBackupRestoration (3ms)
Launching external process: /Applications/Unity/Hub/Editor/2023.1.7f1/Unity.app/Contents/Tools/UnityShaderCompiler
Launched and connected shader compiler UnityShaderCompiler after 0.15 seconds
Refreshing native plugins compatible for Editor in 57.24 ms, found 4 plugins.
Preloading 0 native plugins for Editor in 0.00 ms.
Unloading 4210 Unused Serialized files (Serialized files now loaded: 0)
Unloading 161 unused Assets / (99.9 KB). Loaded Objects now: 4658.
Memory consumption went from 159.9 MB to 159.8 MB.
Total: 7.927667 ms (FindLiveObjects: 0.172208 ms CreateObjectMapping: 0.092958 ms MarkObjects: 7.057209 ms  DeleteObjects: 0.603792 ms)

AssetImportParameters requested are different than current active one (requested -> active):
  custom:video-decoder-webm-vp8: 9c59270c3fd7afecdb556c50c9e8de78 -> 
  custom:audio-encoder-webm-vorbis: bf7c407c2cedff20999df2af8eb42d56 -> 
  custom:AudioImporter_EditorPlatform: 3918e3fc78b5a79bad01e8451be0beb8 -> 
  custom:audio-decoder-ogg-vorbis: bf7c407c2cedff20999df2af8eb42d56 -> 
  custom:video-encoder-webm-vp8: eb34c28f22e8b96e1ab97ce403110664 -> 
  custom:container-demuxer-ogg: 62fdf1f143b41e24485cea50d1cbac27 -> 
  custom:video-decoder-ogg-theora: a1e56fd34408186e4bbccfd4996cb3dc -> 
  custom:framework-osx-AVFoundation: e770b220cccbd017edd2c1fefb359320 -> 
  custom:container-muxer-webm: aa71ff27fc2769a1b78a27578f13a17b -> 
  custom:CustomObjectIndexerAttribute: 756ad292c208cfabdd7b50bc23989ffe -> 
  custom:container-demuxer-webm: 4f35f7cbe854078d1ac9338744f61a02 -> 
========================================================================
Received Import Request.
  Time since last request: 150962.183978 seconds.
  path: Assets/Editor Default Resources/Firebase/fb_config_dark.png
  artifactKey: Guid(0ad9ef5fff5524355a9670c90a99cbba) Importer(815301076,1909f56bfc062723c751e8b465ee728b)
Start importing Assets/Editor Default Resources/Firebase/fb_config_dark.png using Guid(0ad9ef5fff5524355a9670c90a99cbba) Importer(815301076,1909f56bfc062723c751e8b465ee728b)  -> (artifact id: '6b900d9538e4ea7461e5f7b1bc360dfe') in 0.079457 seconds
Number of updated asset objects reloaded before import = 0
Number of asset objects unloaded after import = 2
========================================================================
Received Import Request.
  Time since last request: 0.000904 seconds.
  path: Assets/Editor Default Resources/Firebase/fb_analytics.png
  artifactKey: Guid(dc218b335b1d14cd5ae532f65042d829) Importer(815301076,1909f56bfc062723c751e8b465ee728b)
Start importing Assets/Editor Default Resources/Firebase/fb_analytics.png using Guid(dc218b335b1d14cd5ae532f65042d829) Importer(815301076,1909f56bfc062723c751e8b465ee728b)  -> (artifact id: '178d4d4782cc1ea4130357d98f306332') in 0.012186 seconds
Number of updated asset objects reloaded before import = 0
Number of asset objects unloaded after import = 2
========================================================================
Received Import Request.
  Time since last request: 0.002510 seconds.
  path: Assets/Editor Default Resources/Firebase/fb_cloud_messaging.png
  artifactKey: Guid(837e8e1f35e334e81931d0857680cebf) Importer(815301076,1909f56bfc062723c751e8b465ee728b)
Start importing Assets/Editor Default Resources/Firebase/fb_cloud_messaging.png using Guid(837e8e1f35e334e81931d0857680cebf) Importer(815301076,1909f56bfc062723c751e8b465ee728b)  -> (artifact id: '224abdece307e4a7da174488f40ea144') in 0.029684 seconds
Number of updated asset objects reloaded before import = 0
Number of asset objects unloaded after import = 2
========================================================================
Received Import Request.
  Time since last request: 0.003651 seconds.
  path: Assets/Editor Default Resources/Firebase/fb_crashlytics_dark.png
  artifactKey: Guid(214009068900439da4a9cded17d58090) Importer(815301076,1909f56bfc062723c751e8b465ee728b)
Start importing Assets/Editor Default Resources/Firebase/fb_crashlytics_dark.png using Guid(214009068900439da4a9cded17d58090) Importer(815301076,1909f56bfc062723c751e8b465ee728b)  -> (artifact id: '3802fc9334c1423d7818ea4c9d36c64d') in 0.010960 seconds
Number of updated asset objects reloaded before import = 0
Number of asset objects unloaded after import = 2
========================================================================
Received Import Request.
  Time since last request: 0.000264 seconds.
  path: Assets/Editor Default Resources/Firebase/firebase_lockup.png
  artifactKey: Guid(9f058f25e8e2d47cfb894951d4d7e48a) Importer(815301076,1909f56bfc062723c751e8b465ee728b)
Start importing Assets/Editor Default Resources/Firebase/firebase_lockup.png using Guid(9f058f25e8e2d47cfb894951d4d7e48a) Importer(815301076,1909f56bfc062723c751e8b465ee728b)  -> (artifact id: 'a3c3f6aaa772686fdafd24553af34296') in 0.010488 seconds
Number of updated asset objects reloaded before import = 0
Number of asset objects unloaded after import = 2
========================================================================
Received Import Request.
  Time since last request: 0.000086 seconds.
  path: Assets/Editor Default Resources/Firebase/fb_storage_dark.png
  artifactKey: Guid(2955864b938094f579ea9902b65ac10c) Importer(815301076,1909f56bfc062723c751e8b465ee728b)
Start importing Assets/Editor Default Resources/Firebase/fb_storage_dark.png using Guid(2955864b938094f579ea9902b65ac10c) Importer(815301076,1909f56bfc062723c751e8b465ee728b)  -> (artifact id: '9d8a90616995a8bd467d1050e8af14ba') in 0.007328 seconds
Number of updated asset objects reloaded before import = 0
Number of asset objects unloaded after import = 2
========================================================================
Received Import Request.
  Time since last request: 0.000182 seconds.
  path: Assets/Editor Default Resources/Firebase/fb_analytics_dark.png
  artifactKey: Guid(9fe4b3bd3b7d2477dac92fb7429d1d1b) Importer(815301076,1909f56bfc062723c751e8b465ee728b)
Start importing Assets/Editor Default Resources/Firebase/fb_analytics_dark.png using Guid(9fe4b3bd3b7d2477dac92fb7429d1d1b) Importer(815301076,1909f56bfc062723c751e8b465ee728b)  -> (artifact id: '598bb524e0308c923d84088c81c78d47') in 0.006218 seconds
Number of updated asset objects reloaded before import = 0
Number of asset objects unloaded after import = 2
========================================================================
Received Import Request.
  Time since last request: 0.000170 seconds.
  path: Assets/Editor Default Resources/Firebase/fb_auth.png
  artifactKey: Guid(394b3ec4d60c24476a12e4ba696d9e5d) Importer(815301076,1909f56bfc062723c751e8b465ee728b)
Start importing Assets/Editor Default Resources/Firebase/fb_auth.png using Guid(394b3ec4d60c24476a12e4ba696d9e5d) Importer(815301076,1909f56bfc062723c751e8b465ee728b)  -> (artifact id: 'ee4a0ae11e6254c8b40a2a6dc10a54bf') in 0.007225 seconds
Number of updated asset objects reloaded before import = 0
Number of asset objects unloaded after import = 2
========================================================================
Received Import Request.
  Time since last request: 0.000323 seconds.
  path: Assets/Editor Default Resources/Firebase/fb_cloud_messaging_dark.png
  artifactKey: Guid(20c5b8a1f82cb4aadb77ca20683d2a6e) Importer(815301076,1909f56bfc062723c751e8b465ee728b)
Start importing Assets/Editor Default Resources/Firebase/fb_cloud_messaging_dark.png using Guid(20c5b8a1f82cb4aadb77ca20683d2a6e) Importer(815301076,1909f56bfc062723c751e8b465ee728b)  -> (artifact id: 'b0439b4a16d587e88bda17fc1276b8bb') in 0.005485 seconds
Number of updated asset objects reloaded before import = 0
Number of asset objects unloaded after import = 2
========================================================================
Received Import Request.
  Time since last request: 0.000224 seconds.
  path: Assets/Editor Default Resources/Firebase/fb_invites_dark.png
  artifactKey: Guid(a734ad7414926404e90f8b5be37b7e23) Importer(815301076,1909f56bfc062723c751e8b465ee728b)
Start importing Assets/Editor Default Resources/Firebase/fb_invites_dark.png using Guid(a734ad7414926404e90f8b5be37b7e23) Importer(815301076,1909f56bfc062723c751e8b465ee728b)  -> (artifact id: 'd38fe16ea608ab0a2daf2d32c31beb56') in 0.005832 seconds
Number of updated asset objects reloaded before import = 0
Number of asset objects unloaded after import = 2
========================================================================
Received Import Request.
  Time since last request: 0.000175 seconds.
  path: Assets/Editor Default Resources/Firebase/firebase_lockup_dark.png
  artifactKey: Guid(b93330fc8ea08407dbc514b5101afa14) Importer(815301076,1909f56bfc062723c751e8b465ee728b)
Start importing Assets/Editor Default Resources/Firebase/firebase_lockup_dark.png using Guid(b93330fc8ea08407dbc514b5101afa14) Importer(815301076,1909f56bfc062723c751e8b465ee728b)  -> (artifact id: '91aebaccf4081b0206859d10e63dab6f') in 0.006430 seconds
Number of updated asset objects reloaded before import = 0
Number of asset objects unloaded after import = 2
========================================================================
Received Import Request.
  Time since last request: 0.000298 seconds.
  path: Assets/Editor Default Resources/Firebase/fb_storage.png
  artifactKey: Guid(573eb851c99f948f4bf2de49322bfd53) Importer(815301076,1909f56bfc062723c751e8b465ee728b)
Start importing Assets/Editor Default Resources/Firebase/fb_storage.png using Guid(573eb851c99f948f4bf2de49322bfd53) Importer(815301076,1909f56bfc062723c751e8b465ee728b)  -> (artifact id: 'da4beebb80a71c4d62d6a342f948f999') in 0.006404 seconds
Number of updated asset objects reloaded before import = 0
Number of asset objects unloaded after import = 2
========================================================================
Received Import Request.
  Time since last request: 479.796467 seconds.
  path: Assets/Editor Default Resources/Firebase
  artifactKey: Guid(660a3d2eadb40450f988369caeca6fe1) Importer(815301076,1909f56bfc062723c751e8b465ee728b)
Start importing Assets/Editor Default Resources/Firebase using Guid(660a3d2eadb40450f988369caeca6fe1) Importer(815301076,1909f56bfc062723c751e8b465ee728b)  -> (artifact id: '9461ed46e876e3f6d36290e997de97fa') in 0.002067 seconds
Number of updated asset objects reloaded before import = 0
Number of asset objects unloaded after import = 0
========================================================================
Received Import Request.
  Time since last request: 17.855054 seconds.
  path: Assets/GeneratedLocalRepo/Firebase/m2repository/com/google/firebase/firebase-messaging-unity/11.4.0/firebase-messaging-unity-11.4.0.aar
  artifactKey: Guid(f77fae02188b7473eb2321ada70b22ba) Importer(815301076,1909f56bfc062723c751e8b465ee728b)
Start importing Assets/GeneratedLocalRepo/Firebase/m2repository/com/google/firebase/firebase-messaging-unity/11.4.0/firebase-messaging-unity-11.4.0.aar using Guid(f77fae02188b7473eb2321ada70b22ba) Importer(815301076,1909f56bfc062723c751e8b465ee728b)  -> (artifact id: '8f232165112b339d09296c1c5059f62e') in 0.011652 seconds
Number of updated asset objects reloaded before import = 0
Number of asset objects unloaded after import = 1
========================================================================
Received Import Request.
  Time since last request: 3.002701 seconds.
  path: Assets/GeneratedLocalRepo/Firebase/m2repository/com/google/firebase/firebase-messaging-unity/11.4.0/firebase-messaging-unity-11.4.0.pom
  artifactKey: Guid(917d1ead1b89c4e8c9dd12e881ae1238) Importer(815301076,1909f56bfc062723c751e8b465ee728b)
Start importing Assets/GeneratedLocalRepo/Firebase/m2repository/com/google/firebase/firebase-messaging-unity/11.4.0/firebase-messaging-unity-11.4.0.pom using Guid(917d1ead1b89c4e8c9dd12e881ae1238) Importer(815301076,1909f56bfc062723c751e8b465ee728b)  -> (artifact id: '90f3f9ed3befbac430fb6b1b9f268c24') in 0.002236 seconds
Number of updated asset objects reloaded before import = 0
Number of asset objects unloaded after import = 1
========================================================================
Received Import Request.
  Time since last request: 931.631711 seconds.
  path: Assets/Plugins/iOS
  artifactKey: Guid(786bf75f8443942bc85933847aa0136f) Importer(815301076,1909f56bfc062723c751e8b465ee728b)
Start importing Assets/Plugins/iOS using Guid(786bf75f8443942bc85933847aa0136f) Importer(815301076,1909f56bfc062723c751e8b465ee728b)  -> (artifact id: 'b0ac6e5970cf685e82202a047d7250f1') in 0.004791 seconds
Number of updated asset objects reloaded before import = 0
Number of asset objects unloaded after import = 0
========================================================================
Received Import Request.
  Time since last request: 3.785514 seconds.
  path: Packages/com.unity.2d.spriteshape/Editor/ObjectMenuCreation/DefaultAssets/Sprite Shapes/Closed Sprite Shape.prefab
  artifactKey: Guid(c0583b4e855c74b8c82e7b9b5efb5ce9) Importer(815301076,1909f56bfc062723c751e8b465ee728b)
Start importing Packages/com.unity.2d.spriteshape/Editor/ObjectMenuCreation/DefaultAssets/Sprite Shapes/Closed Sprite Shape.prefab using Guid(c0583b4e855c74b8c82e7b9b5efb5ce9) Importer(815301076,1909f56bfc062723c751e8b465ee728b)  -> (artifact id: 'a6ce9b6968c46a974d8ee454b353e369') in 0.417556 seconds
Number of updated asset objects reloaded before import = 0
Number of asset objects unloaded after import = 14
